0 info it worked if it ends with ok
1 verbose cli [ '/usr/bin/node', '/usr/bin/npm', 'i', 'package.json' ]
2 info using npm@3.10.10
3 info using node@v6.11.0
4 silly loadCurrentTree Starting
5 silly install loadCurrentTree
6 silly install readLocalPackageData
7 silly fetchPackageMetaData package.json
8 silly fetchOtherPackageData package.json
9 silly cache add args [ 'package.json', null ]
10 verbose cache add spec package.json
11 silly cache add parsed spec Result {
11 silly cache add   raw: 'package.json',
11 silly cache add   scope: null,
11 silly cache add   escapedName: 'package.json',
11 silly cache add   name: null,
11 silly cache add   rawSpec: 'package.json',
11 silly cache add   spec: '/home/seepananc/Desktop/javascript30/react/package.json',
11 silly cache add   type: 'local' }
12 silly addLocalTarball shasum (computed) b691ca435d79d15ec984e5f14cee808eafbfa12f
13 verbose addTmpTarball /home/seepananc/Desktop/javascript30/react/package.json not in flight; adding
14 verbose correctMkdir /home/seepananc/.npm correctMkdir not in flight; initializing
15 verbose addTmpTarball validating metadata from /home/seepananc/Desktop/javascript30/react/package.json
16 verbose tar unpack /home/seepananc/Desktop/javascript30/react/package.json
17 verbose tar unpacking to /tmp/npm-10722-32aca5c8/unpack-0c86d7e8
18 silly gentlyRm /tmp/npm-10722-32aca5c8/unpack-0c86d7e8 is being purged
19 verbose gentlyRm don't care about contents; nuking /tmp/npm-10722-32aca5c8/unpack-0c86d7e8
20 silly gunzTarPerm modes [ '755', '644' ]
21 error not a package /home/seepananc/Desktop/javascript30/react/package.json
22 error addLocal Could not install /home/seepananc/Desktop/javascript30/react/package.json
23 silly fetchPackageMetaData Error: ENOENT: no such file or directory, open '/tmp/npm-10722-32aca5c8/unpack-0c86d7e8/package.json'
23 silly fetchPackageMetaData     at Error (native)
23 silly fetchPackageMetaData  error for package.json { Error: ENOENT: no such file or directory, open '/tmp/npm-10722-32aca5c8/unpack-0c86d7e8/package.json'
23 silly fetchPackageMetaData     at Error (native)
23 silly fetchPackageMetaData   errno: -2,
23 silly fetchPackageMetaData   code: 'ENOENT',
23 silly fetchPackageMetaData   syscall: 'open',
23 silly fetchPackageMetaData   path: '/tmp/npm-10722-32aca5c8/unpack-0c86d7e8/package.json' }
24 silly rollbackFailedOptional Starting
25 silly rollbackFailedOptional Finishing
26 silly runTopLevelLifecycles Finishing
27 silly install printInstalled
28 verbose stack Error: ENOENT: no such file or directory, open '/tmp/npm-10722-32aca5c8/unpack-0c86d7e8/package.json'
28 verbose stack     at Error (native)
29 verbose cwd /home/seepananc/Desktop/javascript30/react
30 error Linux 4.13.0-32-generic
31 error argv "/usr/bin/node" "/usr/bin/npm" "i" "package.json"
32 error node v6.11.0
33 error npm  v3.10.10
34 error path /tmp/npm-10722-32aca5c8/unpack-0c86d7e8/package.json
35 error code ENOENT
36 error errno -2
37 error syscall open
38 error enoent ENOENT: no such file or directory, open '/tmp/npm-10722-32aca5c8/unpack-0c86d7e8/package.json'
39 error enoent ENOENT: no such file or directory, open '/tmp/npm-10722-32aca5c8/unpack-0c86d7e8/package.json'
39 error enoent This is most likely not a problem with npm itself
39 error enoent and is related to npm not being able to find a file.
40 verbose exit [ -2, true ]
